info: Server running on port 3000
error: 
Invalid `prisma.user.create()` invocation:


Foreign key constraint failed on the field: `role_id` {"clientVersion":"5.14.0","code":"P2003","meta":{"field_name":"role_id","modelName":"User"},"name":"PrismaClientKnownRequestError"}
error: 
Invalid `prisma.user.create()` invocation in
D:\mTh\Study\BE Course Online\Node JS\PZN\task-management-app\src\controllers\authController.js:36:38

  33 const hashedPassword = await hashPassword(password);
  34 const otp = Math.floor(100000 + Math.random() * 900000).toString();
  35 
→ 36 const user = await prisma.user.create(
Foreign key constraint failed on the field: `role_id` {"clientVersion":"5.14.0","code":"P2003","meta":{"field_name":"role_id","modelName":"User"},"name":"PrismaClientKnownRequestError"}
info: Server running on port 3000
info: Server running on port 3000
info: Server running on port 3000
info: Server running on port 3000
info: Server running on port 3000
info: Server running on port 3000
info: Server running on port 3000
info: Server running on port 3000
info: Server running on port 3000
info: Server running on port 3000
info: Server running on port 3000
error: Please verify your email first
error: Invalid email or password
error: Invalid email or password
info: Server running on port 3000
error: Invalid email or password
